<?xml version="1.0" encoding="UTF-8"?>
<testng-results ignored="0" total="2" passed="2" failed="0" skipped="0">
  <reporter-output>
    <line>
      <![CDATA[No of rows are::8]]>
    </line>
    <line>
      <![CDATA[Valid username and password::dashboard    http://webapp.qedgetech.com/dashboard.php]]>
    </line>
    <line>
      <![CDATA[Incorrect user ID or password    dashboard   http://webapp.qedgetech.com/login.php]]>
    </line>
    <line>
      <![CDATA[Valid username and password::dashboard    http://webapp.qedgetech.com/dashboard.php]]>
    </line>
    <line>
      <![CDATA[Incorrect user ID or password    dashboard   http://webapp.qedgetech.com/login.php]]>
    </line>
    <line>
      <![CDATA[Valid username and password::dashboard    http://webapp.qedgetech.com/dashboard.php]]>
    </line>
    <line>
      <![CDATA[Valid username and password::dashboard    http://webapp.qedgetech.com/dashboard.php]]>
    </line>
    <line>
      <![CDATA[Valid username and password::dashboard    http://webapp.qedgetech.com/dashboard.php]]>
    </line>
    <line>
      <![CDATA[Valid username and password::dashboard    http://webapp.qedgetech.com/dashboard.php]]>
    </line>
    <line>
      <![CDATA[No of rows are::7]]>
    </line>
    <line>
      <![CDATA[Customer Add Success::Customer-00000013614    Customer-00000013614]]>
    </line>
    <line>
      <![CDATA[Customer Add Success::Customer-00000013615    Customer-00000013615]]>
    </line>
    <line>
      <![CDATA[Customer Add Success::Customer-00000013616    Customer-00000013616]]>
    </line>
    <line>
      <![CDATA[Customer Add Success::Customer-00000013617    Customer-00000013617]]>
    </line>
    <line>
      <![CDATA[Customer Add Success::Customer-00000013618    Customer-00000013618]]>
    </line>
    <line>
      <![CDATA[Customer Add Success::Customer-00000013619    Customer-00000013619]]>
    </line>
    <line>
      <![CDATA[Customer Add Success::Customer-00000013620    Customer-00000013620]]>
    </line>
  </reporter-output>
  <suite started-at="2024-12-12T15:08:52 IST" name="DataDriven" finished-at="2024-12-12T15:12:46 IST" duration-ms="233730">
    <groups>
    </groups>
    <test started-at="2024-12-12T15:08:52 IST" name="Login" finished-at="2024-12-12T15:10:27 IST" duration-ms="94959">
      <class name="driverFactory.DriverScript">
        <test-method is-config="true" signature="setUp()[pri:0, instance:driverFactory.DriverScript@7bab3f1a]" started-at="2024-12-12T15:08:52 IST" name="setUp" finished-at="2024-12-12T15:09:11 IST" duration-ms="18290" status="PASS">
          <reporter-output>
          </reporter-output>
        </test-method> <!-- setUp -->
        <test-method signature="starttest()[pri:0, instance:driverFactory.DriverScript@7bab3f1a]" started-at="2024-12-12T15:09:11 IST" name="starttest" finished-at="2024-12-12T15:10:27 IST" duration-ms="76313" status="PASS">
          <reporter-output>
            <line>
              <![CDATA[No of rows are::8]]>
            </line>
            <line>
              <![CDATA[Valid username and password::dashboard    http://webapp.qedgetech.com/dashboard.php]]>
            </line>
            <line>
              <![CDATA[Incorrect user ID or password    dashboard   http://webapp.qedgetech.com/login.php]]>
            </line>
            <line>
              <![CDATA[Valid username and password::dashboard    http://webapp.qedgetech.com/dashboard.php]]>
            </line>
            <line>
              <![CDATA[Incorrect user ID or password    dashboard   http://webapp.qedgetech.com/login.php]]>
            </line>
            <line>
              <![CDATA[Valid username and password::dashboard    http://webapp.qedgetech.com/dashboard.php]]>
            </line>
            <line>
              <![CDATA[Valid username and password::dashboard    http://webapp.qedgetech.com/dashboard.php]]>
            </line>
            <line>
              <![CDATA[Valid username and password::dashboard    http://webapp.qedgetech.com/dashboard.php]]>
            </line>
            <line>
              <![CDATA[Valid username and password::dashboard    http://webapp.qedgetech.com/dashboard.php]]>
            </line>
          </reporter-output>
        </test-method> <!-- starttest -->
        <test-method is-config="true" signature="tearDown()[pri:0, instance:driverFactory.DriverScript@7bab3f1a]" started-at="2024-12-12T15:10:27 IST" name="tearDown" finished-at="2024-12-12T15:10:27 IST" duration-ms="286" status="PASS">
          <reporter-output>
          </reporter-output>
        </test-method> <!-- tearDown -->
      </class> <!-- driverFactory.DriverScript -->
    </test> <!-- Login -->
    <test started-at="2024-12-12T15:10:27 IST" name="Cusstomer" finished-at="2024-12-12T15:12:46 IST" duration-ms="138708">
      <class name="driverFactory.TestScript">
        <test-method is-config="true" signature="setUp()[pri:0, instance:driverFactory.TestScript@537f60bf]" started-at="2024-12-12T15:10:27 IST" name="setUp" finished-at="2024-12-12T15:10:37 IST" duration-ms="9139" status="PASS">
          <reporter-output>
          </reporter-output>
        </test-method> <!-- setUp -->
        <test-method signature="startTest()[pri:0, instance:driverFactory.TestScript@537f60bf]" started-at="2024-12-12T15:10:37 IST" name="startTest" finished-at="2024-12-12T15:12:45 IST" duration-ms="128458" status="PASS">
          <reporter-output>
            <line>
              <![CDATA[No of rows are::7]]>
            </line>
            <line>
              <![CDATA[Customer Add Success::Customer-00000013614    Customer-00000013614]]>
            </line>
            <line>
              <![CDATA[Customer Add Success::Customer-00000013615    Customer-00000013615]]>
            </line>
            <line>
              <![CDATA[Customer Add Success::Customer-00000013616    Customer-00000013616]]>
            </line>
            <line>
              <![CDATA[Customer Add Success::Customer-00000013617    Customer-00000013617]]>
            </line>
            <line>
              <![CDATA[Customer Add Success::Customer-00000013618    Customer-00000013618]]>
            </line>
            <line>
              <![CDATA[Customer Add Success::Customer-00000013619    Customer-00000013619]]>
            </line>
            <line>
              <![CDATA[Customer Add Success::Customer-00000013620    Customer-00000013620]]>
            </line>
          </reporter-output>
        </test-method> <!-- startTest -->
        <test-method is-config="true" signature="tearDown()[pri:0, instance:driverFactory.TestScript@537f60bf]" started-at="2024-12-12T15:12:45 IST" name="tearDown" finished-at="2024-12-12T15:12:46 IST" duration-ms="1109" status="PASS">
          <reporter-output>
          </reporter-output>
        </test-method> <!-- tearDown -->
      </class> <!-- driverFactory.TestScript -->
    </test> <!-- Cusstomer -->
  </suite> <!-- DataDriven -->
</testng-results>
